<?xml version="1.0" encoding="UTF-8"?>
<coverage generated="1778173901657" clover="3.2.0">
  <project timestamp="1778173901658" name="All files">
    <metrics statements="22" coveredstatements="22" conditionals="14" coveredconditionals="14" methods="7" coveredmethods="7" elements="43" coveredelements="43" complexity="0" loc="22" ncloc="22" packages="1" files="1" classes="1"/>
    <file name="index.js" path="D:\POJET\smarthotele\index.js">
      <metrics statements="22" coveredstatements="22" conditionals="14" coveredconditionals="14" methods="7" coveredmethods="7"/>
      <line num="1" count="1" type="stmt"/>
      <line num="2" count="1" type="stmt"/>
      <line num="4" count="1" type="stmt"/>
      <line num="9" count="14" type="cond" truecount="2" falsecount="0"/>
      <line num="13" count="14" type="cond" truecount="2" falsecount="0"/>
      <line num="17" count="14" type="cond" truecount="2" falsecount="0"/>
      <line num="21" count="14" type="cond" truecount="2" falsecount="0"/>
      <line num="25" count="14" type="cond" truecount="2" falsecount="0"/>
      <line num="31" count="12" type="stmt"/>
      <line num="33" count="12" type="stmt"/>
      <line num="34" count="12" type="stmt"/>
      <line num="35" count="12" type="stmt"/>
      <line num="36" count="12" type="stmt"/>
      <line num="37" count="12" type="stmt"/>
      <line num="39" count="12" type="stmt"/>
      <line num="44" count="1" type="stmt"/>
      <line num="45" count="13" type="stmt"/>
      <line num="47" count="13" type="cond" truecount="4" falsecount="0"/>
      <line num="48" count="3" type="stmt"/>
      <line num="51" count="10" type="stmt"/>
      <line num="52" count="10" type="stmt"/>
      <line num="64" count="1" type="stmt"/>
    </file>
  </project>
</coverage>
