{"D:\\POJET\\smarthotele\\index.js": {"path":"D:\\POJET\\smarthotele\\index.js","statementMap":{"0":{"start":{"line":1,"column":16},"end":{"line":1,"column":34}},"1":{"start":{"line":2,"column":12},"end":{"line":2,"column":21}},"2":{"start":{"line":4,"column":0},"end":{"line":4,"column":24}},"3":{"start":{"line":9,"column":2},"end":{"line":9,"column":50}},"4":{"start":{"line":13,"column":2},"end":{"line":13,"column":42}},"5":{"start":{"line":17,"column":2},"end":{"line":17,"column":43}},"6":{"start":{"line":21,"column":2},"end":{"line":21,"column":47}},"7":{"start":{"line":25,"column":2},"end":{"line":25,"column":70}},"8":{"start":{"line":31,"column":14},"end":{"line":31,"column":46}},"9":{"start":{"line":33,"column":2},"end":{"line":33,"column":42}},"10":{"start":{"line":34,"column":2},"end":{"line":34,"column":47}},"11":{"start":{"line":35,"column":2},"end":{"line":35,"column":44}},"12":{"start":{"line":36,"column":2},"end":{"line":36,"column":57}},"13":{"start":{"line":37,"column":2},"end":{"line":37,"column":76}},"14":{"start":{"line":39,"column":2},"end":{"line":39,"column":15}},"15":{"start":{"line":44,"column":0},"end":{"line":53,"column":3}},"16":{"start":{"line":45,"column":15},"end":{"line":45,"column":23}},"17":{"start":{"line":47,"column":2},"end":{"line":49,"column":3}},"18":{"start":{"line":48,"column":4},"end":{"line":48,"column":60}},"19":{"start":{"line":51,"column":16},"end":{"line":51,"column":36}},"20":{"start":{"line":52,"column":2},"end":{"line":52,"column":29}},"21":{"start":{"line":64,"column":0},"end":{"line":72,"column":2}}},"fnMap":{"0":{"name":"applySeason","decl":{"start":{"line":8,"column":9},"end":{"line":8,"column":20}},"loc":{"start":{"line":8,"column":36},"end":{"line":10,"column":1}},"line":8},"1":{"name":"applyWeekend","decl":{"start":{"line":12,"column":9},"end":{"line":12,"column":21}},"loc":{"start":{"line":12,"column":41},"end":{"line":14,"column":1}},"line":12},"2":{"name":"applyLongStay","decl":{"start":{"line":16,"column":9},"end":{"line":16,"column":22}},"loc":{"start":{"line":16,"column":38},"end":{"line":18,"column":1}},"line":16},"3":{"name":"applySeaView","decl":{"start":{"line":20,"column":9},"end":{"line":20,"column":21}},"loc":{"start":{"line":20,"column":46},"end":{"line":22,"column":1}},"line":20},"4":{"name":"applyBreakfast","decl":{"start":{"line":24,"column":9},"end":{"line":24,"column":23}},"loc":{"start":{"line":24,"column":60},"end":{"line":26,"column":1}},"line":24},"5":{"name":"calculateTotal","decl":{"start":{"line":30,"column":9},"end":{"line":30,"column":23}},"loc":{"start":{"line":30,"column":30},"end":{"line":40,"column":1}},"line":30},"6":{"name":"(anonymous_6)","decl":{"start":{"line":44,"column":27},"end":{"line":44,"column":28}},"loc":{"start":{"line":44,"column":41},"end":{"line":53,"column":1}},"line":44}},"branchMap":{"0":{"loc":{"start":{"line":9,"column":9},"end":{"line":9,"column":49}},"type":"cond-expr","locations":[{"start":{"line":9,"column":30},"end":{"line":9,"column":41}},{"start":{"line":9,"column":44},"end":{"line":9,"column":49}}],"line":9},"1":{"loc":{"start":{"line":13,"column":9},"end":{"line":13,"column":41}},"type":"cond-expr","locations":[{"start":{"line":13,"column":22},"end":{"line":13,"column":33}},{"start":{"line":13,"column":36},"end":{"line":13,"column":41}}],"line":13},"2":{"loc":{"start":{"line":17,"column":9},"end":{"line":17,"column":42}},"type":"cond-expr","locations":[{"start":{"line":17,"column":22},"end":{"line":17,"column":34}},{"start":{"line":17,"column":37},"end":{"line":17,"column":42}}],"line":17},"3":{"loc":{"start":{"line":21,"column":9},"end":{"line":21,"column":46}},"type":"cond-expr","locations":[{"start":{"line":21,"column":19},"end":{"line":21,"column":38}},{"start":{"line":21,"column":41},"end":{"line":21,"column":46}}],"line":21},"4":{"loc":{"start":{"line":25,"column":9},"end":{"line":25,"column":69}},"type":"cond-expr","locations":[{"start":{"line":25,"column":32},"end":{"line":25,"column":61}},{"start":{"line":25,"column":64},"end":{"line":25,"column":69}}],"line":25},"5":{"loc":{"start":{"line":47,"column":2},"end":{"line":49,"column":3}},"type":"if","locations":[{"start":{"line":47,"column":2},"end":{"line":49,"column":3}},{"start":{},"end":{}}],"line":47},"6":{"loc":{"start":{"line":47,"column":6},"end":{"line":47,"column":41}},"type":"binary-expr","locations":[{"start":{"line":47,"column":6},"end":{"line":47,"column":25}},{"start":{"line":47,"column":29},"end":{"line":47,"column":41}}],"line":47}},"s":{"0":1,"1":1,"2":1,"3":14,"4":14,"5":14,"6":14,"7":14,"8":12,"9":12,"10":12,"11":12,"12":12,"13":12,"14":12,"15":1,"16":13,"17":13,"18":3,"19":10,"20":10,"21":1},"f":{"0":14,"1":14,"2":14,"3":14,"4":14,"5":12,"6":13},"b":{"0":[5,9],"1":[5,9],"2":[2,12],"3":[5,9],"4":[5,9],"5":[3,10],"6":[13,11]},"_coverageSchema":"1a1c01bbd47fc00a2c39e90264f33305004495a9","hash":"444d6776cc1bc193019bf8603262d771c8196e42"}
}
