TN:
SF:index.js
FN:8,applySeason
FN:12,applyWeekend
FN:16,applyLongStay
FN:20,applySeaView
FN:24,applyBreakfast
FN:30,calculateTotal
FN:44,(anonymous_6)
FNF:7
FNH:7
FNDA:14,applySeason
FNDA:14,applyWeekend
FNDA:14,applyLongStay
FNDA:14,applySeaView
FNDA:14,applyBreakfast
FNDA:12,calculateTotal
FNDA:13,(anonymous_6)
DA:1,1
DA:2,1
DA:4,1
DA:9,14
DA:13,14
DA:17,14
DA:21,14
DA:25,14
DA:31,12
DA:33,12
DA:34,12
DA:35,12
DA:36,12
DA:37,12
DA:39,12
DA:44,1
DA:45,13
DA:47,13
DA:48,3
DA:51,10
DA:52,10
DA:64,1
LF:22
LH:22
BRDA:9,0,0,5
BRDA:9,0,1,9
BRDA:13,1,0,5
BRDA:13,1,1,9
BRDA:17,2,0,2
BRDA:17,2,1,12
BRDA:21,3,0,5
BRDA:21,3,1,9
BRDA:25,4,0,5
BRDA:25,4,1,9
BRDA:47,5,0,3
BRDA:47,5,1,10
BRDA:47,6,0,13
BRDA:47,6,1,11
BRF:14
BRH:14
end_of_record
